<?xml version="1.0" encoding="UTF-8"?>
<!-- Generated by org.testng.reporters.JUnitReportReporter -->
<testsuite hostname="dhasa" failures="0" tests="1" name="com.inetbanking.testCases.TC_001_Login" time="4.445" errors="0" timestamp="2022-04-24T13:14:56 IST" skipped="0">
  <testcase classname="com.inetbanking.testCases.TC_001_Login" name="loginTest" time="4.445"/>
  <system-out/>
</testsuite> <!-- com.inetbanking.testCases.TC_001_Login -->
