<?xml version="1.0" encoding="UTF-8"?>
<!-- Generated by org.testng.reporters.JUnitReportReporter -->
<testsuite hostname="dhasa" failures="0" tests="1" name="com.inetbanking.testCases.TC_003_AddNewCustomer" time="21.491" errors="0" timestamp="2022-04-25T17:34:06 IST" skipped="0">
  <testcase classname="com.inetbanking.testCases.TC_003_AddNewCustomer" name="addNewCustomer" time="21.491"/>
  <system-out/>
</testsuite> <!-- com.inetbanking.testCases.TC_003_AddNewCustomer -->
